<?xml version="1.0" encoding="UTF-8"?>
<!-- Generated by org.testng.reporters.JUnitXMLReporter -->
<testsuite ignored="0" hostname="W10CG753X2" failures="0" tests="6" name="Test2" time="2.524" errors="0" timestamp="19 Dec 2021 11:48:01 GMT">
  <testcase classname="TS_001_V4_GET_REQUEST.TC003_GET_Print_All_Headers" name="printAllHeaders" time="0.001"/>
  <testcase classname="TS_001_V4_GET_REQUEST.TC004_Validating_JSON_Response" name="validatingJsonResponse" time="0.018"/>
  <testcase classname="TS_001_V4_GET_REQUEST.TC004_Validating_JSON_Response" name="validatingJsonResponse" time="0.329"/>
  <testcase classname="TS_001_V4_GET_REQUEST.TC004_Validating_JSON_Response" name="validatingJsonResponse" time="0.014"/>
  <testcase classname="TS_001_V4_GET_REQUEST.TC004_Validating_JSON_Response" name="validatingJsonResponse" time="0.014"/>
  <testcase classname="TS_001_V4_GET_REQUEST.TC004_Validating_JSON_Response" name="validatingJsonResponse" time="0.013"/>
</testsuite> <!-- Test2 -->
