<?xml version="1.0" encoding="UTF-8"?>
<!-- Generated by org.testng.reporters.JUnitXMLReporter -->
<testsuite ignored="0" hostname="W10CG753X2" failures="0" tests="27" name="Test" time="5.53" errors="0" timestamp="19 Dec 2021 11:26:28 GMT">
  <testcase classname="TS_001_V4_GET_REQUEST.TC001_GET_Request" name="@BeforeClass beforeClass" time="0.444">
    <failure type="javax.net.ssl.SSLException" message="Connection reset">
      <![CDATA[javax.net.ssl.SSLException: Connection reset
at java.base/sun.security.ssl.Alert.createSSLException(Alert.java:127)
at java.base/sun.security.ssl.TransportContext.fatal(TransportContext.java:369)
at java.base/sun.security.ssl.TransportContext.fatal(TransportContext.java:312)
at java.base/sun.security.ssl.TransportContext.fatal(TransportContext.java:307)
at java.base/sun.security.ssl.SSLTransport.decode(SSLTransport.java:144)
at java.base/sun.security.ssl.SSLSocketImpl.decode(SSLSocketImpl.java:1369)
at java.base/sun.security.ssl.SSLSocketImpl.readHandshakeRecord(SSLSocketImpl.java:1278)
at java.base/sun.security.ssl.SSLSocketImpl.startHandshake(SSLSocketImpl.java:401)
at java.base/sun.security.ssl.SSLSocketImpl.startHandshake(SSLSocketImpl.java:373)
at org.apache.http.conn.ssl.SSLSocketFactory.createLayeredSocket(SSLSocketFactory.java:573)
at org.apache.http.conn.ssl.SSLSocketFactory.connectSocket(SSLSocketFactory.java:557)
at org.apache.http.conn.ssl.SSLSocketFactory.connectSocket(SSLSocketFactory.java:414)
at org.apache.http.impl.conn.DefaultClientConnectionOperator.openConnection(DefaultClientConnectionOperator.java:180)
at org.apache.http.impl.conn.ManagedClientConnectionImpl.open(ManagedClientConnectionImpl.java:326)
at org.apache.http.impl.client.DefaultRequestDirector.tryConnect(DefaultRequestDirector.java:610)
at org.apache.http.impl.client.DefaultRequestDirector.execute(DefaultRequestDirector.java:445)
at org.apache.http.impl.client.AbstractHttpClient.doExecute(AbstractHttpClient.java:835)
at org.apache.http.impl.client.CloseableHttpClient.execute(CloseableHttpClient.java:83)
at org.apache.http.impl.client.CloseableHttpClient.execute(CloseableHttpClient.java:56)
at org.apache.http.client.HttpClient$execute$0.call(Unknown Source)
at io.restassured.internal.RequestSpecificationImpl$RestAssuredHttpBuilder.doRequest(RequestSpecificationImpl.groovy:2055)
at io.restassured.internal.http.HTTPBuilder.doRequest(HTTPBuilder.java:494)
at io.restassured.internal.http.HTTPBuilder.request(HTTPBuilder.java:451)
at io.restassured.internal.http.HTTPBuilder$request$2.call(Unknown Source)
at io.restassured.internal.RequestSpecificationImpl.sendHttpRequest(RequestSpecificationImpl.groovy:1451)
at groovy.lang.MetaMethod.doMethodInvoke(MetaMethod.java:323)
at groovy.lang.MetaClassImpl.invokeMethod(MetaClassImpl.java:1217)
at groovy.lang.MetaClassImpl.invokeMethod(MetaClassImpl.java:1041)
at groovy.lang.MetaClassImpl.invokeMethod(MetaClassImpl.java:821)
at io.restassured.internal.RequestSpecificationImpl.invokeMethod(RequestSpecificationImpl.groovy)
at org.codehaus.groovy.runtime.callsite.PogoInterceptableSite.call(PogoInterceptableSite.java:45)
at org.codehaus.groovy.runtime.callsite.PogoInterceptableSite.callCurrent(PogoInterceptableSite.java:55)
at io.restassured.internal.RequestSpecificationImpl.sendRequest(RequestSpecificationImpl.groovy:1200)
at groovy.lang.MetaMethod.doMethodInvoke(MetaMethod.java:323)
at groovy.lang.MetaClassImpl.invokeMethod(MetaClassImpl.java:1217)
at groovy.lang.MetaClassImpl.invokeMethod(MetaClassImpl.java:1041)
at groovy.lang.MetaClassImpl.invokeMethod(MetaClassImpl.java:821)
at io.restassured.internal.RequestSpecificationImpl.invokeMethod(RequestSpecificationImpl.groovy)
at org.codehaus.groovy.runtime.callsite.PogoInterceptableSite.call(PogoInterceptableSite.java:45)
at org.codehaus.groovy.runtime.callsite.AbstractCallSite.call(AbstractCallSite.java:151)
at io.restassured.internal.filter.SendRequestFilter.filter(SendRequestFilter.groovy:30)
at io.restassured.filter.Filter$filter$0.call(Unknown Source)
at org.codehaus.groovy.runtime.callsite.CallSiteArray.defaultCall(CallSiteArray.java:47)
at io.restassured.filter.Filter$filter.call(Unknown Source)
at io.restassured.internal.filter.FilterContextImpl.next(FilterContextImpl.groovy:72)
at io.restassured.filter.time.TimingFilter.filter(TimingFilter.java:56)
at io.restassured.filter.Filter$filter.call(Unknown Source)
at org.codehaus.groovy.runtime.callsite.CallSiteArray.defaultCall(CallSiteArray.java:47)
at io.restassured.filter.Filter$filter$0.call(Unknown Source)
at io.restassured.internal.filter.FilterContextImpl.next(FilterContextImpl.groovy:72)
at io.restassured.filter.FilterContext$next.call(Unknown Source)
at io.restassured.internal.RequestSpecificationImpl.applyPathParamsAndSendRequest(RequestSpecificationImpl.groovy:1655)
at groovy.lang.MetaMethod.doMethodInvoke(MetaMethod.java:323)
at groovy.lang.MetaClassImpl.invokeMethod(MetaClassImpl.java:1217)
at groovy.lang.MetaClassImpl.invokeMethod(MetaClassImpl.java:1041)
at groovy.lang.MetaClassImpl.invokeMethod(MetaClassImpl.java:821)
at io.restassured.internal.RequestSpecificationImpl.invokeMethod(RequestSpecificationImpl.groovy)
at org.codehaus.groovy.runtime.callsite.PogoInterceptableSite.call(PogoInterceptableSite.java:45)
at org.codehaus.groovy.runtime.callsite.PogoInterceptableSite.callCurrent(PogoInterceptableSite.java:55)
at org.codehaus.groovy.runtime.callsite.AbstractCallSite.callCurrent(AbstractCallSite.java:184)
at io.restassured.internal.RequestSpecificationImpl.request(RequestSpecificationImpl.groovy:295)
at io.restassured.internal.RequestSpecificationImpl.request(RequestSpecificationImpl.groovy)
at groovy.lang.MetaMethod.doMethodInvoke(MetaMethod.java:323)
at groovy.lang.MetaClassImpl.invokeMethod(MetaClassImpl.java:1217)
at groovy.lang.MetaClassImpl.invokeMethod(MetaClassImpl.java:1041)
at groovy.lang.MetaClassImpl.invokeMethod(MetaClassImpl.java:821)
at io.restassured.internal.RequestSpecificationImpl.invokeMethod(RequestSpecificationImpl.groovy)
at org.codehaus.groovy.runtime.callsite.PogoInterceptableSite.call(PogoInterceptableSite.java:45)
at org.codehaus.groovy.runtime.callsite.PogoInterceptableSite.callCurrent(PogoInterceptableSite.java:55)
at org.codehaus.groovy.runtime.callsite.AbstractCallSite.callCurrent(AbstractCallSite.java:184)
at io.restassured.internal.RequestSpecificationImpl.request(RequestSpecificationImpl.groovy:291)
at io.restassured.internal.RequestSpecificationImpl.request(RequestSpecificationImpl.groovy)
at TS_001_V4_GET_REQUEST.TC001_GET_Request.beforeClass(TC001_GET_Request.java:33)
Suppressed: java.net.SocketException: Connection reset by peer: socket write error
at java.base/java.net.SocketOutputStream.socketWrite0(Native Method)
at java.base/java.net.SocketOutputStream.socketWrite(SocketOutputStream.java:110)
at java.base/java.net.SocketOutputStream.write(SocketOutputStream.java:150)
at java.base/sun.security.ssl.SSLSocketOutputRecord.encodeAlert(SSLSocketOutputRecord.java:83)
at java.base/sun.security.ssl.TransportContext.fatal(TransportContext.java:400)
... 121 more
Caused by: java.net.SocketException: Connection reset
at java.base/java.net.SocketInputStream.read(SocketInputStream.java:186)
at java.base/java.net.SocketInputStream.read(SocketInputStream.java:140)
at java.base/sun.security.ssl.SSLSocketInputRecord.read(SSLSocketInputRecord.java:478)
at java.base/sun.security.ssl.SSLSocketInputRecord.readHeader(SSLSocketInputRecord.java:472)
at java.base/sun.security.ssl.SSLSocketInputRecord.decode(SSLSocketInputRecord.java:160)
at java.base/sun.security.ssl.SSLTransport.decode(SSLTransport.java:110)
... 118 more
... Removed 50 stack frames]]>
    </failure>
  </testcase> <!-- @BeforeClass beforeClass -->
  <testcase classname="TS_001_V4_GET_REQUEST.TC001_GET_Request" name="@AfterClass afterClass" time="0.0">
    <skipped/>
  </testcase> <!-- @AfterClass afterClass -->
  <testcase classname="TS_001_V4_GET_REQUEST.TC002_GET_Validating_Headers" name="validateHeaders" time="0.003"/>
  <testcase classname="TS_001_V4_GET_REQUEST.TC002_GET_Validating_Headers" name="validateHeaders" time="0.001"/>
  <testcase classname="TS_001_V4_GET_REQUEST.TC002_GET_Validating_Headers" name="validateHeaders" time="0.0"/>
  <testcase classname="TS_001_V4_GET_REQUEST.TC002_GET_Validating_Headers" name="validateHeaders" time="0.0"/>
  <testcase classname="TS_001_V4_GET_REQUEST.TC002_GET_Validating_Headers" name="validateHeaders" time="0.0"/>
  <testcase classname="TS_001_V4_GET_REQUEST.TC002_GET_Validating_Headers" name="validateHeaders" time="0.0"/>
  <testcase classname="TS_001_V4_GET_REQUEST.TC002_GET_Validating_Headers" name="validateHeaders" time="0.0"/>
  <testcase classname="TS_001_V4_GET_REQUEST.TC002_GET_Validating_Headers" name="validateHeaders" time="0.0"/>
  <testcase classname="TS_001_V4_GET_REQUEST.TC002_GET_Validating_Headers" name="validateHeaders" time="0.001"/>
  <testcase classname="TS_001_V4_GET_REQUEST.TC002_GET_Validating_Headers" name="validateHeaders" time="0.0"/>
  <testcase classname="TS_001_V4_GET_REQUEST.TC002_GET_Validating_Headers" name="validateHeaders" time="0.0"/>
  <testcase classname="TS_001_V4_GET_REQUEST.TC002_GET_Validating_Headers" name="validateHeaders" time="0.0"/>
  <testcase classname="TS_001_V4_GET_REQUEST.TC002_GET_Validating_Headers" name="validateHeaders" time="0.0"/>
  <testcase classname="TS_001_V4_GET_REQUEST.TC002_GET_Validating_Headers" name="validateHeaders" time="0.0"/>
  <testcase classname="TS_001_V4_GET_REQUEST.TC002_GET_Validating_Headers" name="validateHeaders" time="0.0"/>
  <testcase classname="TS_001_V4_GET_REQUEST.TC002_GET_Validating_Headers" name="validateHeaders" time="0.001"/>
  <testcase classname="TS_001_V4_GET_REQUEST.TC002_GET_Validating_Headers" name="validateHeaders" time="0.0"/>
  <testcase classname="TS_001_V4_GET_REQUEST.TC002_GET_Validating_Headers" name="validateHeaders" time="0.0"/>
  <testcase classname="TS_001_V4_GET_REQUEST.TC002_GET_Validating_Headers" name="validateHeaders" time="0.0"/>
  <testcase classname="TS_001_V4_GET_REQUEST.TC002_GET_Validating_Headers" name="validateHeaders" time="0.0"/>
  <testcase classname="TS_001_V4_GET_REQUEST.TC002_GET_Validating_Headers" name="validateHeaders" time="0.0"/>
  <testcase classname="TS_001_V4_GET_REQUEST.TC001_GET_Request" name="getLatestLaunchDetails" time="0.0">
    <skipped/>
  </testcase> <!-- getLatestLaunchDetails -->
  <testcase classname="TS_001_V4_GET_REQUEST.TC001_GET_Request" name="verifyResponseTime" time="0.0">
    <skipped/>
  </testcase> <!-- verifyResponseTime -->
  <testcase classname="TS_001_V4_GET_REQUEST.TC001_GET_Request" name="verifyStatusCode" time="0.0">
    <skipped/>
  </testcase> <!-- verifyStatusCode -->
  <testcase classname="TS_001_V4_GET_REQUEST.TC001_GET_Request" name="verifyStatusLine" time="0.0">
    <skipped/>
  </testcase> <!-- verifyStatusLine -->
  <testcase classname="TS_001_V4_GET_REQUEST.TC003_GET_Print_All_Headers" name="printAllHeaders" time="0.001"/>
  <testcase classname="TS_001_V4_GET_REQUEST.TC004_Validating_JSON_Response" name="validatingJsonResponse" time="0.0">
    <skipped/>
  </testcase> <!-- validatingJsonResponse -->
</testsuite> <!-- Test -->
