<?xml version="1.0" encoding="UTF-8"?>
<!-- Generated by org.testng.reporters.JUnitXMLReporter -->
<testsuite ignored="0" hostname="W10CG753X2" failures="0" tests="25" name="Test1" time="3.826" errors="0" timestamp="19 Dec 2021 11:47:58 GMT">
  <testcase classname="TS_001_V4_GET_REQUEST.TC002_GET_Validating_Headers" name="validateHeaders" time="0.003"/>
  <testcase classname="TS_001_V4_GET_REQUEST.TC002_GET_Validating_Headers" name="validateHeaders" time="0.001"/>
  <testcase classname="TS_001_V4_GET_REQUEST.TC002_GET_Validating_Headers" name="validateHeaders" time="0.0"/>
  <testcase classname="TS_001_V4_GET_REQUEST.TC002_GET_Validating_Headers" name="validateHeaders" time="0.001"/>
  <testcase classname="TS_001_V4_GET_REQUEST.TC002_GET_Validating_Headers" name="validateHeaders" time="0.0"/>
  <testcase classname="TS_001_V4_GET_REQUEST.TC002_GET_Validating_Headers" name="validateHeaders" time="0.001"/>
  <testcase classname="TS_001_V4_GET_REQUEST.TC002_GET_Validating_Headers" name="validateHeaders" time="0.0"/>
  <testcase classname="TS_001_V4_GET_REQUEST.TC002_GET_Validating_Headers" name="validateHeaders" time="0.0"/>
  <testcase classname="TS_001_V4_GET_REQUEST.TC002_GET_Validating_Headers" name="validateHeaders" time="0.0"/>
  <testcase classname="TS_001_V4_GET_REQUEST.TC002_GET_Validating_Headers" name="validateHeaders" time="0.0"/>
  <testcase classname="TS_001_V4_GET_REQUEST.TC002_GET_Validating_Headers" name="validateHeaders" time="0.0"/>
  <testcase classname="TS_001_V4_GET_REQUEST.TC002_GET_Validating_Headers" name="validateHeaders" time="0.001"/>
  <testcase classname="TS_001_V4_GET_REQUEST.TC002_GET_Validating_Headers" name="validateHeaders" time="0.0"/>
  <testcase classname="TS_001_V4_GET_REQUEST.TC002_GET_Validating_Headers" name="validateHeaders" time="0.001"/>
  <testcase classname="TS_001_V4_GET_REQUEST.TC002_GET_Validating_Headers" name="validateHeaders" time="0.0"/>
  <testcase classname="TS_001_V4_GET_REQUEST.TC002_GET_Validating_Headers" name="validateHeaders" time="0.001"/>
  <testcase classname="TS_001_V4_GET_REQUEST.TC002_GET_Validating_Headers" name="validateHeaders" time="0.0"/>
  <testcase classname="TS_001_V4_GET_REQUEST.TC002_GET_Validating_Headers" name="validateHeaders" time="0.0"/>
  <testcase classname="TS_001_V4_GET_REQUEST.TC002_GET_Validating_Headers" name="validateHeaders" time="0.001"/>
  <testcase classname="TS_001_V4_GET_REQUEST.TC002_GET_Validating_Headers" name="validateHeaders" time="0.0"/>
  <testcase classname="TS_001_V4_GET_REQUEST.TC002_GET_Validating_Headers" name="validateHeaders" time="0.0"/>
  <testcase classname="TS_001_V4_GET_REQUEST.TC001_GET_Request" name="getLatestLaunchDetails" time="0.017"/>
  <testcase classname="TS_001_V4_GET_REQUEST.TC001_GET_Request" name="verifyResponseTime" time="0.036"/>
  <testcase classname="TS_001_V4_GET_REQUEST.TC001_GET_Request" name="verifyStatusCode" time="0.001"/>
  <testcase classname="TS_001_V4_GET_REQUEST.TC001_GET_Request" name="verifyStatusLine" time="0.0"/>
</testsuite> <!-- Test1 -->
