<?xml version="1.0" encoding="UTF-8"?>
<testsuite xmlns:xsi="http://www.w3.org/2001/XMLSchema-instance" xsi:noNamespaceSchemaLocation="https://maven.apache.org/surefire/maven-surefire-plugin/xsd/surefire-test-report-3.0.xsd" version="3.0" name="TestSuite" time="10.091" tests="31" errors="0" skipped="0" failures="0">
  <properties>
[...]
</properties>
  <testcase name="validateHeaders[Access-Control-Allow-Origin, *](1)" classname="TS_001_V4_GET_REQUEST.TC002_GET_Validating_Headers" time="0.003">
    <system-out><![CDATA[[TestNGContentHandler] [WARN] It is strongly recommended to add "<!DOCTYPE suite SYSTEM "http://testng.org/testng-1.0.dtd" >" at the top of your file, otherwise TestNG may fail or not work as expected.
****************SUITE STARTED*************
************* START OF TESTCASE - TC002_GET_Validating_Headers **************
Test Passed
]]></system-out>
  </testcase>
  <testcase name="validateHeaders[Access-Control-Expose-Headers, spacex-api-cache,spacex-api-response-time](2)" classname="TS_001_V4_GET_REQUEST.TC002_GET_Validating_Headers" time="0">
    <system-out><![CDATA[Test Passed
]]></system-out>
  </testcase>
  <testcase name="validateHeaders[Alt-Svc, h3=&quot;:443&quot;; ma=2592000,h3-29=&quot;:443&quot;; ma=2592000](3)" classname="TS_001_V4_GET_REQUEST.TC002_GET_Validating_Headers" time="0">
    <system-out><![CDATA[Test Passed
]]></system-out>
  </testcase>
  <testcase name="validateHeaders[Cache-Control, max-age=20](4)" classname="TS_001_V4_GET_REQUEST.TC002_GET_Validating_Headers" time="0">
    <system-out><![CDATA[Test Passed
]]></system-out>
  </testcase>
  <testcase name="validateHeaders[Content-Encoding, gzip](5)" classname="TS_001_V4_GET_REQUEST.TC002_GET_Validating_Headers" time="0.001">
    <system-out><![CDATA[Test Passed
]]></system-out>
  </testcase>
  <testcase name="validateHeaders[Content-Security-Policy, default-src &apos;self&apos;;base-uri &apos;self&apos;;block-all-mixed-content;font-src &apos;self&apos; https: data:;frame-ancestors &apos;self&apos;;img-src &apos;self&apos; data:;object-src &apos;none&apos;;script-src &apos;self&apos;;script-src-attr &apos;none&apos;;style-src &apos;self&apos; https: &apos;unsafe-inline&apos;;upgrade-insecure-requests](6)" classname="TS_001_V4_GET_REQUEST.TC002_GET_Validating_Headers" time="0">
    <system-out><![CDATA[Test Passed
]]></system-out>
  </testcase>
  <testcase name="validateHeaders[Content-Type, application/json; charset=utf-8](7)" classname="TS_001_V4_GET_REQUEST.TC002_GET_Validating_Headers" time="0">
    <system-out><![CDATA[Test Passed
]]></system-out>
  </testcase>
  <testcase name="validateHeaders[Expect-Ct, max-age=0](8)" classname="TS_001_V4_GET_REQUEST.TC002_GET_Validating_Headers" time="0">
    <system-out><![CDATA[Test Passed
]]></system-out>
  </testcase>
  <testcase name="validateHeaders[Referrer-Policy, no-referrer](9)" classname="TS_001_V4_GET_REQUEST.TC002_GET_Validating_Headers" time="0.001">
    <system-out><![CDATA[Test Passed
]]></system-out>
  </testcase>
  <testcase name="validateHeaders[Server, Caddy](10)" classname="TS_001_V4_GET_REQUEST.TC002_GET_Validating_Headers" time="0">
    <system-out><![CDATA[Test Passed
]]></system-out>
  </testcase>
  <testcase name="validateHeaders[Spacex-Api-Cache, HIT](11)" classname="TS_001_V4_GET_REQUEST.TC002_GET_Validating_Headers" time="0.001">
    <system-out><![CDATA[Test Passed
]]></system-out>
  </testcase>
  <testcase name="validateHeaders[Spacex-Api-Cache-Online, TRUE](12)" classname="TS_001_V4_GET_REQUEST.TC002_GET_Validating_Headers" time="0">
    <system-out><![CDATA[Test Passed
]]></system-out>
  </testcase>
  <testcase name="validateHeaders[Spacex-Api-Response-Time, 0ms](13)" classname="TS_001_V4_GET_REQUEST.TC002_GET_Validating_Headers" time="0.001">
    <system-out><![CDATA[Test Passed
]]></system-out>
  </testcase>
  <testcase name="validateHeaders[Strict-Transport-Security, max-age=15552000; includeSubDomains](14)" classname="TS_001_V4_GET_REQUEST.TC002_GET_Validating_Headers" time="0">
    <system-out><![CDATA[Test Passed
]]></system-out>
  </testcase>
  <testcase name="validateHeaders[Vary, Accept-Encoding](15)" classname="TS_001_V4_GET_REQUEST.TC002_GET_Validating_Headers" time="0">
    <system-out><![CDATA[Test Passed
]]></system-out>
  </testcase>
  <testcase name="validateHeaders[X-Content-Type-Options, nosniff](16)" classname="TS_001_V4_GET_REQUEST.TC002_GET_Validating_Headers" time="0">
    <system-out><![CDATA[Test Passed
]]></system-out>
  </testcase>
  <testcase name="validateHeaders[X-Dns-Prefetch-Control, off](17)" classname="TS_001_V4_GET_REQUEST.TC002_GET_Validating_Headers" time="0">
    <system-out><![CDATA[Test Passed
]]></system-out>
  </testcase>
  <testcase name="validateHeaders[X-Download-Options, noopen](18)" classname="TS_001_V4_GET_REQUEST.TC002_GET_Validating_Headers" time="0.001">
    <system-out><![CDATA[Test Passed
]]></system-out>
  </testcase>
  <testcase name="validateHeaders[X-Frame-Options, SAMEORIGIN](19)" classname="TS_001_V4_GET_REQUEST.TC002_GET_Validating_Headers" time="0">
    <system-out><![CDATA[Test Passed
]]></system-out>
  </testcase>
  <testcase name="validateHeaders[X-Permitted-Cross-Domain-Policies, none](20)" classname="TS_001_V4_GET_REQUEST.TC002_GET_Validating_Headers" time="0">
    <system-out><![CDATA[Test Passed
]]></system-out>
  </testcase>
  <testcase name="validateHeaders[Content-Length, 930](21)" classname="TS_001_V4_GET_REQUEST.TC002_GET_Validating_Headers" time="0">
    <system-out><![CDATA[Test Passed
]]></system-out>
  </testcase>
  <testcase name="getLatestLaunchDetails" classname="TS_001_V4_GET_REQUEST.TC001_GET_Request" time="0.024">
    <system-out><![CDATA[************* END OF TESTCASE - TC002_GET_Validating_Headers **************
************* START OF TESTCASE - TC001_GET_Request **************
Response Body is:  {"fairings":{"reused":null,"recovery_attempt":true,"recovered":null,"ships":["5ea6ed30080df4000697c912"]},"links":{"patch":{"small":"https://imgur.com/BrW201S.png","large":"https://imgur.com/573IfGk.png"},"reddit":{"campaign":"https://www.reddit.com/r/spacex/comments/jhu37i/starlink_general_discussion_and_deployment_thread/","launch":"https://www.reddit.com/r/spacex/comments/rhvacp/rspacex_starlink_44_launch_discussion_and_updates/","media":null,"recovery":"https://www.reddit.com/r/spacex/comments/k2ts1q/rspacex_fleet_updates_discussion_thread/"},"flickr":{"small":[],"original":[]},"presskit":null,"webcast":"https://youtu.be/q4Ed3EBx90s","youtube_id":"q4Ed3EBx90s","article":null,"wikipedia":"https://en.wikipedia.org/wiki/Starlink"},"static_fire_date_utc":"2021-12-17T08:31:00.000Z","static_fire_date_unix":1639729860,"net":false,"window":null,"rocket":"5e9d0d95eda69973a809d1ec","success":true,"failures":[],"details":"The mission consists in launching 52 Starlink v1.5 satellites to Shell number 4 at 53.2°. This is unusual as the mission is launching from Vandenberg as these missions usually launch from the East Coast.","crew":[],"ships":["5ea6ed30080df4000697c913","5ea6ed30080df4000697c912","5ea6ed2f080df4000697c90b"],"capsules":[],"payloads":["61bbac16437241381bf70632"],"launchpad":"5e9e4502f509092b78566f87","flight_number":141,"name":"Starlink 4-4 (v1.5)","date_utc":"2021-12-18T12:41:40.000Z","date_unix":1639831300,"date_local":"2021-12-18T12:41:40-08:00","date_precision":"hour","upcoming":false,"cores":[{"core":"5e9e28a6f35918c0803b265c","flight":11,"gridfins":true,"legs":true,"reused":true,"landing_attempt":true,"landing_success":true,"landing_type":"ASDS","landpad":"5e9e3032383ecb6bb234e7ca"}],"auto_update":false,"tbd":false,"launch_library_id":"0d4b0c0f-3d72-4cb2-b596-dc526ad178a6","id":"61bba806437241381bf7061e"}
Test Passed
]]></system-out>
  </testcase>
  <testcase name="verifyResponseTime" classname="TS_001_V4_GET_REQUEST.TC001_GET_Request" time="0.029">
    <system-out><![CDATA[Test Passed
]]></system-out>
  </testcase>
  <testcase name="verifyStatusCode" classname="TS_001_V4_GET_REQUEST.TC001_GET_Request" time="0">
    <system-out><![CDATA[status code is 200
Test Passed
]]></system-out>
  </testcase>
  <testcase name="verifyStatusLine" classname="TS_001_V4_GET_REQUEST.TC001_GET_Request" time="0">
    <system-out><![CDATA[status line is HTTP/1.1 200 OK
Test Passed
]]></system-out>
  </testcase>
  <testcase name="printAllHeaders" classname="TS_001_V4_GET_REQUEST.TC003_GET_Print_All_Headers" time="0.004">
    <system-out><![CDATA[************* END OF TESTCASE - TC001_GET_Request **************
****************SUITE FINISHED*************
****************SUITE STARTED*************
************* START OF TESTCASE - TC003_GET_Print_All_Headers **************
Access-Control-Allow-Origin -- *
Access-Control-Expose-Headers -- spacex-api-cache,spacex-api-response-time
Alt-Svc -- h3=":443"; ma=2592000,h3-29=":443"; ma=2592000
Cache-Control -- max-age=20
Content-Encoding -- gzip
Content-Security-Policy -- default-src 'self';base-uri 'self';block-all-mixed-content;font-src 'self' https: data:;frame-ancestors 'self';img-src 'self' data:;object-src 'none';script-src 'self';script-src-attr 'none';style-src 'self' https: 'unsafe-inline';upgrade-insecure-requests
Content-Type -- application/json; charset=utf-8
Date -- Sun, 19 Dec 2021 11:47:59 GMT
Etag -- "739-Yipl4fJsn+L0bnVQLiK5S3dld3Y"
Expect-Ct -- max-age=0
Referrer-Policy -- no-referrer
Server -- Caddy
Spacex-Api-Cache -- HIT
Spacex-Api-Cache-Online -- true
Spacex-Api-Response-Time -- 1ms
Strict-Transport-Security -- max-age=15552000; includeSubDomains
Vary -- Origin
Vary -- Accept-Encoding
X-Content-Type-Options -- nosniff
X-Dns-Prefetch-Control -- off
X-Download-Options -- noopen
X-Frame-Options -- SAMEORIGIN
X-Permitted-Cross-Domain-Policies -- none
X-Xss-Protection -- 0
Content-Length -- 930
Test Passed
]]></system-out>
  </testcase>
  <testcase name="validatingJsonResponse[recovery-attempt](1)" classname="TS_001_V4_GET_REQUEST.TC004_Validating_JSON_Response" time="0.017">
    <system-out><![CDATA[************* END OF TESTCASE - TC003_GET_Print_All_Headers **************
************* START OF TESTCASE - TC004_GET_Validating_JSON_Response **************
Test Passed
]]></system-out>
  </testcase>
  <testcase name="validatingJsonResponse[links](2)" classname="TS_001_V4_GET_REQUEST.TC004_Validating_JSON_Response" time="0.33">
    <system-out><![CDATA[Test Passed
]]></system-out>
  </testcase>
  <testcase name="validatingJsonResponse[window](3)" classname="TS_001_V4_GET_REQUEST.TC004_Validating_JSON_Response" time="0.014">
    <system-out><![CDATA[Test Passed
]]></system-out>
  </testcase>
  <testcase name="validatingJsonResponse[success](4)" classname="TS_001_V4_GET_REQUEST.TC004_Validating_JSON_Response" time="0.014">
    <system-out><![CDATA[Test Passed
]]></system-out>
  </testcase>
  <testcase name="validatingJsonResponse[flight_number](5)" classname="TS_001_V4_GET_REQUEST.TC004_Validating_JSON_Response" time="0.013">
    <system-out><![CDATA[Test Passed
]]></system-out>
  </testcase>
</testsuite>